0 info it worked if it ends with ok
1 verbose cli [ 'node', '/usr/local/bin/npm', 'publish' ]
2 info using npm@1.1.65
3 info using node@v0.8.8
4 verbose node symlink /usr/local/bin/node
5 verbose publish [ '.' ]
6 verbose read json /Users/xiaye/project/xiaoi/package.json
7 verbose cache add [ '.', null ]
8 silly cache add name=undefined spec="." args=[".",null]
9 verbose parsed url { pathname: '.', path: '.', href: '.' }
10 silly lockFile 3a52ce78- .
11 verbose lock . /Users/alee/.npm/3a52ce78-.lock
12 verbose read json package.json
13 silly lockFile 3a52ce78- .
14 error addLocal Could not install .
15 error Error: invalid version: 0.1
15 error     at validVersion (/usr/local/lib/node_modules/npm/node_modules/read-package-json/read-json.js:537:40)
15 error     at final (/usr/local/lib/node_modules/npm/node_modules/read-package-json/read-json.js:297:23)
15 error     at /usr/local/lib/node_modules/npm/node_modules/read-package-json/read-json.js:119:33
15 error     at cb (/usr/local/lib/node_modules/npm/node_modules/slide/lib/async-map.js:48:11)
15 error     at /usr/local/lib/node_modules/npm/node_modules/read-package-json/read-json.js:249:40
15 error     at fs.readFile (fs.js:176:14)
15 error     at fs.close (/usr/local/lib/node_modules/npm/node_modules/graceful-fs/graceful-fs.js:90:5)
15 error     at Object.oncomplete (fs.js:297:15)
16 error If you need help, you may report this log at:
16 error     <http://github.com/isaacs/npm/issues>
16 error or email it to:
16 error     <npm-@googlegroups.com>
17 error System Darwin 12.5.0
18 error command "node" "/usr/local/bin/npm" "publish"
19 error cwd /Users/xiaye/project/xiaoi
20 error node -v v0.8.8
21 error npm -v 1.1.65
22 verbose exit [ 1, true ]
